This is pdfTeX, Version 3.14159265-2.6-1.40.19 (MiKTeX 2.9.6800 64-bit) (preloaded format=pdflatex 2018.8.28)  17 SEP 2018 10:10
entering extended mode
**./project_report_Omega.tex
(project_report_Omega.tex
LaTeX2e <2018-04-01> patch level 5
("C:\Program Files\Miktex\tex\latex\base\article.cls"
Document Class: article 2014/09/29 v1.4h Standard LaTeX document class
("C:\Program Files\Miktex\tex\latex\base\size10.clo"
File: size10.clo 2014/09/29 v1.4h Standard LaTeX file (size option)
)
\c@part=\count80
\c@section=\count81
\c@subsection=\count82
\c@subsubsection=\count83
\c@paragraph=\count84
\c@subparagraph=\count85
\c@figure=\count86
\c@table=\count87
\abovecaptionskip=\skip41
\belowcaptionskip=\skip42
\bibindent=\dimen102
)
(project_report_Omega.aux)
\openout1 = `project_report_Omega.aux'.

LaTeX Font Info:    Checking defaults for OML/cmm/m/it on input line 9.
LaTeX Font Info:    ... okay on input line 9.
LaTeX Font Info:    Checking defaults for T1/cmr/m/n on input line 9.
LaTeX Font Info:    ... okay on input line 9.
LaTeX Font Info:    Checking defaults for OT1/cmr/m/n on input line 9.
LaTeX Font Info:    ... okay on input line 9.
LaTeX Font Info:    Checking defaults for OMS/cmsy/m/n on input line 9.
LaTeX Font Info:    ... okay on input line 9.
LaTeX Font Info:    Checking defaults for OMX/cmex/m/n on input line 9.
LaTeX Font Info:    ... okay on input line 9.
LaTeX Font Info:    Checking defaults for U/cmr/m/n on input line 9.
LaTeX Font Info:    ... okay on input line 9.
LaTeX Font Info:    External font `cmex10' loaded for size
(Font)              <12> on input line 10.
LaTeX Font Info:    External font `cmex10' loaded for size
(Font)              <8> on input line 10.
LaTeX Font Info:    External font `cmex10' loaded for size
(Font)              <6> on input line 10.
 [1

{C:/Users/hans-/AppData/Local/MiKTeX/2.9/pdftex/config/pdftex.map}] (project_re
port_Omega.aux) ) 
Here is how much of TeX's memory you used:
 228 strings out of 492973
 2665 string characters out of 3137692
 59693 words of memory out of 3000000
 4175 multiletter control sequences out of 15000+200000
 7280 words of font info for 26 fonts, out of 3000000 for 9000
 1141 hyphenation exceptions out of 8191
 23i,6n,18p,142b,187s stack positions out of 5000i,500n,10000p,200000b,50000s
<C:/Program Files/Miktex/fonts/type1/public/amsfonts/cm/cmbx12
.pfb><C:/Program Files/Miktex/fonts/type1/public/amsfonts/cm/cmr10.pfb><C:/Prog
ram Files/Miktex/fonts/type1/public/amsfonts/cm/cmr12.pfb><C:/Program Files/Mik
tex/fonts/type1/public/amsfonts/cm/cmr17.pfb>
Output written on project_report_Omega.pdf (1 page, 44157 bytes).
PDF statistics:
 22 PDF objects out of 1000 (max. 8388607)
 0 named destinations out of 1000 (max. 500000)
 1 words of extra memory for PDF output out of 10000 (max. 10000000)

